<?xml version="1.0" encoding="utf-8"?><testsuites name="pytest tests"><testsuite name="pytest" errors="0" failures="11" skipped="0" tests="39" time="3.844" timestamp="2026-08-28T20:15:46.460717+00:00" hostname="localhost"><testcase classname="tests.test_cayley" name="test_full_cayley_equals_smw_oracle" time="0.021" /><testcase classname="tests.test_cayley" name="test_full_cayley_preserves_stiefel_constraint" time="0.001" /><testcase classname="tests.test_cayley" name="test_cayley_target_does_not_reduce_to_linear_euler_step" time="0.343" /><testcase classname="tests.test_ffi_protocol" name="test_source_packaging_names_match_runtime_expectations" time="0.002"><failure message="AssertionError: Runtime expects .cpp/.rs but delivery only provides .cpp.txt/.rs.txt&#10;assert (False)&#10; +  where False = exists()&#10; +    where exists = PosixPath('/mnt/data/polydim_suite_work/kernel_cpp_v78.cpp').exists">scientific_suite/tests/test_ffi_protocol.py:25: in test_source_packaging_names_match_runtime_expectations
    assert cpp_runtime.exists() and rust_runtime.exists(), \
E   AssertionError: Runtime expects .cpp/.rs but delivery only provides .cpp.txt/.rs.txt
E   assert (False)
E    +  where False = exists()
E    +    where exists = PosixPath('/mnt/data/polydim_suite_work/kernel_cpp_v78.cpp').exists</failure></testcase><testcase classname="tests.test_ffi_protocol" name="test_native_householder_dispatch_is_real" time="0.298"><failure message="AssertionError: householder_reflect has no native dispatch path&#10;assert ('_cpp_lib' in '(x: jnp.ndarray, v: jnp.ndarray) -&gt; jnp.ndarray:\n        &quot;&quot;&quot;\n        Invocación de Reflexión de Householder.\n     ...=-1, keepdims=True) / safe_v_sq\n        reflect = x - factor * v\n        return jnp.where(is_zero, x, reflect)\n\n\n' or 'ctypes' in '(x: jnp.ndarray, v: jnp.ndarray) -&gt; jnp.ndarray:\n        &quot;&quot;&quot;\n        Invocación de Reflexión de Householder.\n     ...=-1, keepdims=True) / safe_v_sq\n        reflect = x - factor * v\n        return jnp.where(is_zero, x, reflect)\n\n\n')">scientific_suite/tests/test_ffi_protocol.py:41: in test_native_householder_dispatch_is_real
    assert "_cpp_lib" in body or "ctypes" in body, \
E   AssertionError: householder_reflect has no native dispatch path
E   assert ('_cpp_lib' in '(x: jnp.ndarray, v: jnp.ndarray) -&gt; jnp.ndarray:\n        """\n        Invocación de Reflexión de Householder.\n     ...=-1, keepdims=True) / safe_v_sq\n        reflect = x - factor * v\n        return jnp.where(is_zero, x, reflect)\n\n\n' or 'ctypes' in '(x: jnp.ndarray, v: jnp.ndarray) -&gt; jnp.ndarray:\n        """\n        Invocación de Reflexión de Householder.\n     ...=-1, keepdims=True) / safe_v_sq\n        reflect = x - factor * v\n        return jnp.where(is_zero, x, reflect)\n\n\n')</failure></testcase><testcase classname="tests.test_ffi_protocol" name="test_cpp_alias_contract_is_not_partial" time="0.001"><failure message="AssertionError: assert 2 &gt;= 3&#10; +  where 2 = &lt;built-in method count of str object at 0x15a7ab40&gt;('check_byte_overlap(')&#10; +    where &lt;built-in method count of str object at 0x15a7ab40&gt; = '// ============================================================================\n// POLYDIM V78 APOCALYPSE — NATIVE C...// Kernel abreviado\n        Out[i * 2 + 1] = X[i * 2 + 1] - alpha * G[i * 2 + 1] * 0.01;\n    }\n\n    return 0;\n}\n'.count">scientific_suite/tests/test_ffi_protocol.py:52: in test_cpp_alias_contract_is_not_partial
    assert s.count("check_byte_overlap(") &gt;= 3
E   AssertionError: assert 2 &gt;= 3
E    +  where 2 = &lt;built-in method count of str object at 0x15a7ab40&gt;('check_byte_overlap(')
E    +    where &lt;built-in method count of str object at 0x15a7ab40&gt; = '// ============================================================================\n// POLYDIM V78 APOCALYPSE — NATIVE C...// Kernel abreviado\n        Out[i * 2 + 1] = X[i * 2 + 1] - alpha * G[i * 2 + 1] * 0.01;\n    }\n\n    return 0;\n}\n'.count</failure></testcase><testcase classname="tests.test_ffi_protocol" name="test_pmtp_declared_header_size_is_exact" time="0.001"><failure message="AssertionError: declared 128-byte PMTP header is actually 167 bytes&#10;assert 167 == 128">scientific_suite/tests/test_ffi_protocol.py:59: in test_pmtp_declared_header_size_is_exact
    assert actual == 128, f"declared 128-byte PMTP header is actually {actual} bytes"
E   AssertionError: declared 128-byte PMTP header is actually 167 bytes
E   assert 167 == 128</failure></testcase><testcase classname="tests.test_ffi_protocol" name="test_pmtp_roundtrip_bytes_are_not_self_inconsistent" time="0.001" /><testcase classname="tests.test_ffi_protocol" name="test_payload_limit_is_enforced_before_allocation" time="0.000"><failure message="Failed: DID NOT RAISE any of (&lt;class 'ValueError'&gt;, &lt;class 'RuntimeError'&gt;)">scientific_suite/tests/test_ffi_protocol.py:79: in test_payload_limit_is_enforced_before_allocation
    with pytest.raises((ValueError, RuntimeError)):
         ^^^^^^^^^^^^^^^^^^^^^^^^^^^^^^^^^^^^^^^^^
E   Failed: DID NOT RAISE any of (&lt;class 'ValueError'&gt;, &lt;class 'RuntimeError'&gt;)</failure></testcase><testcase classname="tests.test_geometry" name="test_reference_exp_log_identity" time="0.002" /><testcase classname="tests.test_geometry" name="test_target_rejects_zero_manifold_point" time="0.106" /><testcase classname="tests.test_geometry" name="test_target_antipodal_is_not_claimed_as_smooth" time="0.002" /><testcase classname="tests.test_geometry" name="test_target_roundtrip_controlled_angles[1e-14]" time="0.314" /><testcase classname="tests.test_geometry" name="test_target_roundtrip_controlled_angles[1e-12]" time="0.002" /><testcase classname="tests.test_geometry" name="test_target_roundtrip_controlled_angles[1e-08]" time="0.001" /><testcase classname="tests.test_geometry" name="test_target_roundtrip_controlled_angles[0.0001]" time="0.001" /><testcase classname="tests.test_geometry" name="test_target_roundtrip_controlled_angles[0.01]" time="0.001" /><testcase classname="tests.test_geometry" name="test_exp_requires_unit_basepoint" time="0.093"><failure message="AssertionError: Exp silently interpreted a non-unit basepoint inconsistently&#10;assert (np.float64(0.14641670286437805) &lt; 1e-08 or np.float64(0.15330167973370526) &lt; 1e-08)&#10; +  where np.float64(0.14641670286437805) = &lt;function norm at 0x7fd2793b9ef0&gt;((array([0.9882493 , 0.15285067, 0.        , 0.        , 0.        ,\n       0.        , 0.        , 0.        ]) - array([0.95533649, 0.29552021, 0.        , 0.        , 0.        ,\n       0.        , 0.        , 0.        ])))&#10; +    where &lt;function norm at 0x7fd2793b9ef0&gt; = &lt;module 'numpy.linalg' from '/opt/pyvenv/lib/python3.13/site-packages/numpy/linalg/__init__.py'&gt;.norm&#10; +      where &lt;module 'numpy.linalg' from '/opt/pyvenv/lib/python3.13/site-packages/numpy/linalg/__init__.py'&gt; = np.linalg&#10; +  and   np.float64(0.15330167973370526) = &lt;function norm at 0x7fd2793b9ef0&gt;((array([0.9882493 , 0.15285067, 0.        , 0.        , 0.        ,\n       0.        , 0.        , 0.        ]) - (array([2., 0., 0., 0., 0., 0., 0., 0.]) / np.float64(2.0))))&#10; +    where &lt;function norm at 0x7fd2793b9ef0&gt; = &lt;module 'numpy.linalg' from '/opt/pyvenv/lib/python3.13/site-packages/numpy/linalg/__init__.py'&gt;.norm&#10; +      where &lt;module 'numpy.linalg' from '/opt/pyvenv/lib/python3.13/site-packages/numpy/linalg/__init__.py'&gt; = np.linalg&#10; +    and   np.float64(2.0) = &lt;function norm at 0x7fd2793b9ef0&gt;(array([2., 0., 0., 0., 0., 0., 0., 0.]))&#10; +      where &lt;function norm at 0x7fd2793b9ef0&gt; = &lt;module 'numpy.linalg' from '/opt/pyvenv/lib/python3.13/site-packages/numpy/linalg/__init__.py'&gt;.norm&#10; +        where &lt;module 'numpy.linalg' from '/opt/pyvenv/lib/python3.13/site-packages/numpy/linalg/__init__.py'&gt; = np.linalg">scientific_suite/tests/test_geometry.py:79: in test_exp_requires_unit_basepoint
    assert np.linalg.norm(out - expected_if_validated) &lt; 1e-8 or np.linalg.norm(out - x/np.linalg.norm(x)) &lt; 1e-8, \
E   AssertionError: Exp silently interpreted a non-unit basepoint inconsistently
E   assert (np.float64(0.14641670286437805) &lt; 1e-08 or np.float64(0.15330167973370526) &lt; 1e-08)
E    +  where np.float64(0.14641670286437805) = &lt;function norm at 0x7fd2793b9ef0&gt;((array([0.9882493 , 0.15285067, 0.        , 0.        , 0.        ,\n       0.        , 0.        , 0.        ]) - array([0.95533649, 0.29552021, 0.        , 0.        , 0.        ,\n       0.        , 0.        , 0.        ])))
E    +    where &lt;function norm at 0x7fd2793b9ef0&gt; = &lt;module 'numpy.linalg' from '/opt/pyvenv/lib/python3.13/site-packages/numpy/linalg/__init__.py'&gt;.norm
E    +      where &lt;module 'numpy.linalg' from '/opt/pyvenv/lib/python3.13/site-packages/numpy/linalg/__init__.py'&gt; = np.linalg
E    +  and   np.float64(0.15330167973370526) = &lt;function norm at 0x7fd2793b9ef0&gt;((array([0.9882493 , 0.15285067, 0.        , 0.        , 0.        ,\n       0.        , 0.        , 0.        ]) - (array([2., 0., 0., 0., 0., 0., 0., 0.]) / np.float64(2.0))))
E    +    where &lt;function norm at 0x7fd2793b9ef0&gt; = &lt;module 'numpy.linalg' from '/opt/pyvenv/lib/python3.13/site-packages/numpy/linalg/__init__.py'&gt;.norm
E    +      where &lt;module 'numpy.linalg' from '/opt/pyvenv/lib/python3.13/site-packages/numpy/linalg/__init__.py'&gt; = np.linalg
E    +    and   np.float64(2.0) = &lt;function norm at 0x7fd2793b9ef0&gt;(array([2., 0., 0., 0., 0., 0., 0., 0.]))
E    +      where &lt;function norm at 0x7fd2793b9ef0&gt; = &lt;module 'numpy.linalg' from '/opt/pyvenv/lib/python3.13/site-packages/numpy/linalg/__init__.py'&gt;.norm
E    +        where &lt;module 'numpy.linalg' from '/opt/pyvenv/lib/python3.13/site-packages/numpy/linalg/__init__.py'&gt; = np.linalg</failure></testcase><testcase classname="tests.test_geometry" name="test_newton_is_not_needed_for_closed_form_and_should_not_worsen" time="0.452" /><testcase classname="tests.test_householder" name="test_householder_matches_reference" time="0.120" /><testcase classname="tests.test_householder" name="test_householder_scale_invariance[1e-20]" time="0.122"><failure message="AssertionError: scale=1e-20, relative error=2.570e-01&#10;assert np.float64(0.2570405642969322) &lt; 1e-10">scientific_suite/tests/test_householder.py:29: in test_householder_scale_invariance
    assert err &lt; 1e-10, f"scale={scale:g}, relative error={err:.3e}"
E   AssertionError: scale=1e-20, relative error=2.570e-01
E   assert np.float64(0.2570405642969322) &lt; 1e-10</failure></testcase><testcase classname="tests.test_householder" name="test_householder_scale_invariance[1e-12]" time="0.001" /><testcase classname="tests.test_householder" name="test_householder_scale_invariance[1e-08]" time="0.001" /><testcase classname="tests.test_householder" name="test_householder_scale_invariance[1.0]" time="0.001" /><testcase classname="tests.test_householder" name="test_householder_scale_invariance[100000000.0]" time="0.001" /><testcase classname="tests.test_householder" name="test_householder_scale_invariance[1e+20]" time="0.001" /><testcase classname="tests.test_householder" name="test_householder_involution" time="0.001" /><testcase classname="tests.test_householder" name="test_householder_norm_preservation" time="0.000" /><testcase classname="tests.test_householder" name="test_zero_reflector_has_explicit_policy" time="0.001" /><testcase classname="tests.test_householder" name="test_nan_is_not_sanitized_to_a_fake_valid_reflection" time="0.001" /><testcase classname="tests.test_native_runtime" name="test_cpp_householder_matches_oracle" time="0.546" /><testcase classname="tests.test_native_runtime" name="test_cpp_householder_aliasing_is_rejected_or_handled_correctly" time="0.000" /><testcase classname="tests.test_native_runtime" name="test_cpp_cayley_is_not_a_linear_euler_stub" time="0.001"><failure message="AssertionError: Native Cayley output does not match the mathematically defined Cayley transform&#10;assert (np.float64(1.4251936738207487) / np.float64(1.414213562373095)) &lt; 1e-09&#10; +  where np.float64(1.4251936738207487) = &lt;function norm at 0x7fd2793b9ef0&gt;((array([[-0.22213442, -0.09298715],\n       [-0.46230832, -0.1484171 ],\n       [ 0.31384365,  0.10969698],\n       [ 0.11... 0.24964464],\n       [-0.13958819,  0.33664312],\n       [-0.10652834, -0.0278515 ],\n       [-0.41901723,  0.33568624]]) - array([[-0.19731184, -0.00517856],\n       [-0.72492319, -0.03887646],\n       [-0.00532091,  0.42863872],\n       [-0.14...-0.15229844],\n       [-0.20959763,  0.46811391],\n       [ 0.17357734,  0.10354256],\n       [-0.16789262, -0.30939394]])))&#10; +    where &lt;function norm at 0x7fd2793b9ef0&gt; = &lt;module 'numpy.linalg' from '/opt/pyvenv/lib/python3.13/site-packages/numpy/linalg/__init__.py'&gt;.norm&#10; +      where &lt;module 'numpy.linalg' from '/opt/pyvenv/lib/python3.13/site-packages/numpy/linalg/__init__.py'&gt; = np.linalg&#10; +  and   np.float64(1.414213562373095) = &lt;function norm at 0x7fd2793b9ef0&gt;(array([[-0.19731184, -0.00517856],\n       [-0.72492319, -0.03887646],\n       [-0.00532091,  0.42863872],\n       [-0.14...-0.15229844],\n       [-0.20959763,  0.46811391],\n       [ 0.17357734,  0.10354256],\n       [-0.16789262, -0.30939394]]))&#10; +    where &lt;function norm at 0x7fd2793b9ef0&gt; = &lt;module 'numpy.linalg' from '/opt/pyvenv/lib/python3.13/site-packages/numpy/linalg/__init__.py'&gt;.norm&#10; +      where &lt;module 'numpy.linalg' from '/opt/pyvenv/lib/python3.13/site-packages/numpy/linalg/__init__.py'&gt; = np.linalg">scientific_suite/tests/test_native_runtime.py:81: in test_cpp_cayley_is_not_a_linear_euler_stub
    assert np.linalg.norm(out - ref) / np.linalg.norm(ref) &lt; 1e-9, \
E   AssertionError: Native Cayley output does not match the mathematically defined Cayley transform
E   assert (np.float64(1.4251936738207487) / np.float64(1.414213562373095)) &lt; 1e-09
E    +  where np.float64(1.4251936738207487) = &lt;function norm at 0x7fd2793b9ef0&gt;((array([[-0.22213442, -0.09298715],\n       [-0.46230832, -0.1484171 ],\n       [ 0.31384365,  0.10969698],\n       [ 0.11... 0.24964464],\n       [-0.13958819,  0.33664312],\n       [-0.10652834, -0.0278515 ],\n       [-0.41901723,  0.33568624]]) - array([[-0.19731184, -0.00517856],\n       [-0.72492319, -0.03887646],\n       [-0.00532091,  0.42863872],\n       [-0.14...-0.15229844],\n       [-0.20959763,  0.46811391],\n       [ 0.17357734,  0.10354256],\n       [-0.16789262, -0.30939394]])))
E    +    where &lt;function norm at 0x7fd2793b9ef0&gt; = &lt;module 'numpy.linalg' from '/opt/pyvenv/lib/python3.13/site-packages/numpy/linalg/__init__.py'&gt;.norm
E    +      where &lt;module 'numpy.linalg' from '/opt/pyvenv/lib/python3.13/site-packages/numpy/linalg/__init__.py'&gt; = np.linalg
E    +  and   np.float64(1.414213562373095) = &lt;function norm at 0x7fd2793b9ef0&gt;(array([[-0.19731184, -0.00517856],\n       [-0.72492319, -0.03887646],\n       [-0.00532091,  0.42863872],\n       [-0.14...-0.15229844],\n       [-0.20959763,  0.46811391],\n       [ 0.17357734,  0.10354256],\n       [-0.16789262, -0.30939394]]))
E    +    where &lt;function norm at 0x7fd2793b9ef0&gt; = &lt;module 'numpy.linalg' from '/opt/pyvenv/lib/python3.13/site-packages/numpy/linalg/__init__.py'&gt;.norm
E    +      where &lt;module 'numpy.linalg' from '/opt/pyvenv/lib/python3.13/site-packages/numpy/linalg/__init__.py'&gt; = np.linalg</failure></testcase><testcase classname="tests.test_native_runtime" name="test_cpp_cayley_preserves_stiefel_constraint" time="0.002"><failure message="AssertionError: assert np.float64(0.009166211916145901) &lt; 1e-10&#10; +  where np.float64(0.009166211916145901) = &lt;function norm at 0x7fd2793b9ef0&gt;(((array([[-0.40657622, -0.28899725, -0.09571566,  0.31489785,  0.16950315,\n        -0.27439514, -0.12783205, -0.36204674....12796847,\n         0.17639033, -0.25720847,  0.46542385, -0.30408923, -0.04277506,\n         0.45554292,  0.06871706]]) @ array([[-0.40657622,  0.03656658],\n       [-0.28899725, -0.16754504],\n       [-0.09571566, -0.06147289],\n       [ 0.31...-0.30408923],\n       [ 0.36283728, -0.04277506],\n       [-0.0774578 ,  0.45554292],\n       [ 0.06448779,  0.06871706]])) - array([[1., 0.],\n       [0., 1.]])))&#10; +    where &lt;function norm at 0x7fd2793b9ef0&gt; = &lt;module 'numpy.linalg' from '/opt/pyvenv/lib/python3.13/site-packages/numpy/linalg/__init__.py'&gt;.norm&#10; +      where &lt;module 'numpy.linalg' from '/opt/pyvenv/lib/python3.13/site-packages/numpy/linalg/__init__.py'&gt; = np.linalg&#10; +    and   array([[-0.40657622, -0.28899725, -0.09571566,  0.31489785,  0.16950315,\n        -0.27439514, -0.12783205, -0.36204674....12796847,\n         0.17639033, -0.25720847,  0.46542385, -0.30408923, -0.04277506,\n         0.45554292,  0.06871706]]) = array([[-0.40657622,  0.03656658],\n       [-0.28899725, -0.16754504],\n       [-0.09571566, -0.06147289],\n       [ 0.31...-0.30408923],\n       [ 0.36283728, -0.04277506],\n       [-0.0774578 ,  0.45554292],\n       [ 0.06448779,  0.06871706]]).T&#10; +    and   array([[1., 0.],\n       [0., 1.]]) = &lt;function eye at 0x7fd2793ac9a0&gt;(2)&#10; +      where &lt;function eye at 0x7fd2793ac9a0&gt; = np.eye">scientific_suite/tests/test_native_runtime.py:93: in test_cpp_cayley_preserves_stiefel_constraint
    assert np.linalg.norm(out.T @ out - np.eye(2)) &lt; 1e-10
E   AssertionError: assert np.float64(0.009166211916145901) &lt; 1e-10
E    +  where np.float64(0.009166211916145901) = &lt;function norm at 0x7fd2793b9ef0&gt;(((array([[-0.40657622, -0.28899725, -0.09571566,  0.31489785,  0.16950315,\n        -0.27439514, -0.12783205, -0.36204674....12796847,\n         0.17639033, -0.25720847,  0.46542385, -0.30408923, -0.04277506,\n         0.45554292,  0.06871706]]) @ array([[-0.40657622,  0.03656658],\n       [-0.28899725, -0.16754504],\n       [-0.09571566, -0.06147289],\n       [ 0.31...-0.30408923],\n       [ 0.36283728, -0.04277506],\n       [-0.0774578 ,  0.45554292],\n       [ 0.06448779,  0.06871706]])) - array([[1., 0.],\n       [0., 1.]])))
E    +    where &lt;function norm at 0x7fd2793b9ef0&gt; = &lt;module 'numpy.linalg' from '/opt/pyvenv/lib/python3.13/site-packages/numpy/linalg/__init__.py'&gt;.norm
E    +      where &lt;module 'numpy.linalg' from '/opt/pyvenv/lib/python3.13/site-packages/numpy/linalg/__init__.py'&gt; = np.linalg
E    +    and   array([[-0.40657622, -0.28899725, -0.09571566,  0.31489785,  0.16950315,\n        -0.27439514, -0.12783205, -0.36204674....12796847,\n         0.17639033, -0.25720847,  0.46542385, -0.30408923, -0.04277506,\n         0.45554292,  0.06871706]]) = array([[-0.40657622,  0.03656658],\n       [-0.28899725, -0.16754504],\n       [-0.09571566, -0.06147289],\n       [ 0.31...-0.30408923],\n       [ 0.36283728, -0.04277506],\n       [-0.0774578 ,  0.45554292],\n       [ 0.06448779,  0.06871706]]).T
E    +    and   array([[1., 0.],\n       [0., 1.]]) = &lt;function eye at 0x7fd2793ac9a0&gt;(2)
E    +      where &lt;function eye at 0x7fd2793ac9a0&gt; = np.eye</failure></testcase><testcase classname="tests.test_qr" name="test_qr_has_both_orthogonality_and_residual" time="0.342" /><testcase classname="tests.test_qr" name="test_qr_api_exposes_rank_or_breakdown_status" time="0.004"><failure message="AssertionError: QR API has no explicit rank/breakdown contract; positive shift can hide singular inputs&#10;assert False">scientific_suite/tests/test_qr.py:26: in test_qr_api_exposes_rank_or_breakdown_status
    assert has_status, "QR API has no explicit rank/breakdown contract; positive shift can hide singular inputs"
E   AssertionError: QR API has no explicit rank/breakdown contract; positive shift can hide singular inputs
E   assert False</failure></testcase><testcase classname="tests.test_qr" name="test_qr_condition_sweep" time="0.449"><failure message="AssertionError: (10000.0, 4.1464334277993074e-07)&#10;assert (4.1464334277993074e-07 &lt; 1e-08 or 10000.0 &gt;= 1000000000000000.0)">scientific_suite/tests/test_qr.py:37: in test_qr_condition_sweep
    assert oe &lt; 1e-8 or cond &gt;= 1e15, (cond, oe)
E   AssertionError: (10000.0, 4.1464334277993074e-07)
E   assert (4.1464334277993074e-07 &lt; 1e-08 or 10000.0 &gt;= 1000000000000000.0)</failure></testcase><testcase classname="tests.test_reproducibility" name="test_benchmark_must_split_prng_keys" time="0.231" /><testcase classname="tests.test_reproducibility" name="test_independent_keys_are_actually_independent" time="0.267" /></testsuite></testsuites>